<?xml version="1.0" encoding="UTF-8"?>
<testsuite xmlns:xsi="http://www.w3.org/2001/XMLSchema-instance" xsi:noNamespaceSchemaLocation="https://maven.apache.org/surefire/maven-surefire-plugin/xsd/surefire-test-report.xsd" version="3.0.2" name="TestSuite" time="15.598" tests="1" errors="0" skipped="0" failures="0">
  <properties>
[...]
</properties>
  <testcase name="registerationTest_TC001" classname="testCases.RegistrationTest" time="1.611">
    <system-out><![CDATA[2025-08-17T16:44:42.382152Z main INFO Starting configuration XmlConfiguration[location=/Users/com/Raghav/eclipse-workspace/OpenCartAutomationV1/target/test-classes/log4j2.xml, lastModified=2025-08-17T16:23:20.016Z]...
2025-08-17T16:44:42.382780Z main INFO Start watching for changes to /Users/com/Raghav/eclipse-workspace/OpenCartAutomationV1/target/test-classes/log4j2.xml every 0 seconds
2025-08-17T16:44:42.382895Z main INFO Configuration XmlConfiguration[location=/Users/com/Raghav/eclipse-workspace/OpenCartAutomationV1/target/test-classes/log4j2.xml, lastModified=2025-08-17T16:23:20.016Z] started.
2025-08-17T16:44:42.384064Z main INFO Stopping configuration org.apache.logging.log4j.core.config.DefaultConfiguration@527e5409...
2025-08-17T16:44:42.384245Z main INFO Configuration org.apache.logging.log4j.core.config.DefaultConfiguration@527e5409 stopped.
com.aventstack.extentreports.reporter.ExtentSparkReporter@2c1776ae
2025-08-17 22:14:44 INFO  RegistrationTest:95 - Initializing chrome
2025-08-17 22:14:44 INFO  RegistrationTest:108 - Navigating to Application URL
2025-08-17 22:14:45 INFO  RegistrationTest:111 - Maximizing window
2025-08-17 22:14:45 INFO  RegistrationTest:65 - Starting registerationTest_TC001
2025-08-17 22:14:45 INFO  RegistrationTest:67 - Clicking on My Account link
2025-08-17 22:14:45 INFO  RegistrationTest:70 - Clicking on Registration link
2025-08-17 22:14:46 INFO  RegistrationTest:75 - Entering registration details
KTisIf@mail.com
axQR3Vd
2025-08-17 22:14:46 INFO  RegistrationTest:90 - Assertion for successful validation
2025-08-17 22:14:46 INFO  RegistrationTest:91 - Ending registerationTest_TC001
]]></system-out>
    <system-err><![CDATA[Aug 17, 2025 10:14:44 PM org.openqa.selenium.devtools.CdpVersionFinder findNearestMatch
WARNING: Unable to find an exact match for CDP version 139, returning the closest version; found: 138; Please update to a Selenium version that supports CDP version 139
]]></system-err>
  </testcase>
</testsuite>