<?xml version="1.0" encoding="UTF-8"?>
<testng-results ignored="0" total="1" passed="1" failed="0" skipped="0">
  <reporter-output>
  </reporter-output>
  <suite started-at="2025-08-17T22:14:42 IST" name="Suite" finished-at="2025-08-17T22:14:47 IST" duration-ms="4933">
    <groups>
      <group name="Master">
        <method signature="RegistrationTest.registerationTest_TC001()[pri:0, instance:testCases.RegistrationTest@198d6542]" name="registerationTest_TC001" class="testCases.RegistrationTest"/>
      </group> <!-- Master -->
      <group name="Sanity">
        <method signature="RegistrationTest.registerationTest_TC001()[pri:0, instance:testCases.RegistrationTest@198d6542]" name="registerationTest_TC001" class="testCases.RegistrationTest"/>
      </group> <!-- Sanity -->
    </groups>
    <test started-at="2025-08-17T22:14:42 IST" name="ChromeTest" finished-at="2025-08-17T22:14:47 IST" duration-ms="4933">
      <class name="testCases.RegistrationTest">
        <test-method is-config="true" signature="setup(java.lang.String,java.lang.String)[pri:0, instance:testCases.RegistrationTest@198d6542]" started-at="2025-08-17T22:14:42 IST" name="setup" finished-at="2025-08-17T22:14:45 IST" duration-ms="3151" status="PASS">
          <params>
            <param index="0">
              <value>
                <![CDATA[chrome]]>
              </value>
            </param>
            <param index="1">
              <value>
                <![CDATA[mac]]>
              </value>
            </param>
          </params>
          <reporter-output>
          </reporter-output>
        </test-method> <!-- setup -->
        <test-method signature="registerationTest_TC001()[pri:0, instance:testCases.RegistrationTest@198d6542]" started-at="2025-08-17T22:14:45 IST" name="registerationTest_TC001" finished-at="2025-08-17T22:14:47 IST" duration-ms="1607" status="PASS">
          <reporter-output>
          </reporter-output>
        </test-method> <!-- registerationTest_TC001 -->
        <test-method is-config="true" signature="tearDown()[pri:0, instance:testCases.RegistrationTest@198d6542]" started-at="2025-08-17T22:14:47 IST" name="tearDown" finished-at="2025-08-17T22:14:47 IST" duration-ms="93" status="PASS">
          <reporter-output>
          </reporter-output>
        </test-method> <!-- tearDown -->
      </class> <!-- testCases.RegistrationTest -->
    </test> <!-- ChromeTest -->
  </suite> <!-- Suite -->
</testng-results>
