<?xml version="1.0" encoding="UTF-8"?>
<!-- Generated by org.testng.reporters.JUnitXMLReporter -->
<testsuite ignored="6" hostname="coms-MacBook-Air.local" failures="0" tests="3" name="GroupWiseExecution" time="0.096" errors="0" timestamp="2025-05-24T15:55:11 IST">
  <testcase classname="testNG.groups.Class3" name="method1" time="0.022"/>
  <testcase classname="testNG.groups.Class3" name="method2" time="0.003"/>
  <testcase classname="testNG.groups.Class3" name="method3" time="0.002"/>
  <testcase classname="testNG.groups.Class2" name="method3" time="0.0">
    <ignored/>
  </testcase> <!-- method3 -->
  <testcase classname="testNG.groups.Class2" name="method2" time="0.0">
    <ignored/>
  </testcase> <!-- method2 -->
  <testcase classname="testNG.groups.Class2" name="method1" time="0.0">
    <ignored/>
  </testcase> <!-- method1 -->
  <testcase classname="testNG.groups.Class1" name="method3" time="0.0">
    <ignored/>
  </testcase> <!-- method3 -->
  <testcase classname="testNG.groups.Class1" name="method1" time="0.0">
    <ignored/>
  </testcase> <!-- method1 -->
  <testcase classname="testNG.groups.Class1" name="method2" time="0.0">
    <ignored/>
  </testcase> <!-- method2 -->
</testsuite> <!-- GroupWiseExecution -->
